<?xml version="1.0" encoding="utf-8"?><testsuites name="pytest tests"><testsuite name="pytest" errors="0" failures="1" skipped="0" tests="21" time="8.129" timestamp="2026-04-28T17:13:41.694067+00:00" hostname="agent-env-7eb0240f-3f6c-4fdd-8aa7-0aa5c591f96b"><testcase classname="backend.tests.backend_test.TestAuth" name="test_login_admin" time="0.521" /><testcase classname="backend.tests.backend_test.TestAuth" name="test_login_mentor" time="0.404" /><testcase classname="backend.tests.backend_test.TestAuth" name="test_login_student" time="0.370" /><testcase classname="backend.tests.backend_test.TestAuth" name="test_login_invalid" time="0.164" /><testcase classname="backend.tests.backend_test.TestAuth" name="test_me_with_bearer" time="0.490" /><testcase classname="backend.tests.backend_test.TestAuth" name="test_me_without_token" time="0.118" /><testcase classname="backend.tests.backend_test.TestAuth" name="test_register_new_student" time="0.336"><failure message="AssertionError: assert 'test_stud_e5...@hatchkod.com' == 'TEST_stud_e5...@hatchkod.com'&#10;  &#10;  - TEST_stud_e524dea0@hatchkod.com&#10;  ? ^^^^&#10;  + test_stud_e524dea0@hatchkod.com&#10;  ? ^^^^">backend/tests/backend_test.py:83: in test_register_new_student
    assert d["user"]["email"] == email
E   AssertionError: assert 'test_stud_e5...@hatchkod.com' == 'TEST_stud_e5...@hatchkod.com'
E     
E     - TEST_stud_e524dea0@hatchkod.com
E     ? ^^^^
E     + test_stud_e524dea0@hatchkod.com
E     ? ^^^^</failure></testcase><testcase classname="backend.tests.backend_test.TestCourses" name="test_list_courses_authed" time="0.149" /><testcase classname="backend.tests.backend_test.TestCourses" name="test_list_courses_unauth" time="0.110" /><testcase classname="backend.tests.backend_test.TestCourses" name="test_get_course_for_student_includes_unlocked" time="0.258" /><testcase classname="backend.tests.backend_test.TestProgression" name="test_first_lesson_accessible" time="0.494" /><testcase classname="backend.tests.backend_test.TestProgression" name="test_second_lesson_locked_initially" time="0.247" /><testcase classname="backend.tests.backend_test.TestProgression" name="test_full_submit_review_flow" time="1.423" /><testcase classname="backend.tests.backend_test.TestRoles" name="test_student_cannot_create_course" time="0.157" /><testcase classname="backend.tests.backend_test.TestRoles" name="test_mentor_cannot_list_users" time="0.133" /><testcase classname="backend.tests.backend_test.TestRoles" name="test_student_cannot_view_pending" time="0.117" /><testcase classname="backend.tests.backend_test.TestAdminCRUD" name="test_full_course_module_lesson_task_delete" time="1.155" /><testcase classname="backend.tests.backend_test.TestAdminCRUD" name="test_list_users_and_assign_mentor" time="0.709" /><testcase classname="backend.tests.backend_test.TestDashboards" name="test_student_dashboard" time="0.159" /><testcase classname="backend.tests.backend_test.TestDashboards" name="test_mentor_dashboard" time="0.103" /><testcase classname="backend.tests.backend_test.TestDashboards" name="test_admin_dashboard" time="0.176" /></testsuite></testsuites>